Command line:
   p_sumador_isim_beh.exe
     -simmode  gui
     -simrunnum  0
     -socket  2985

Mon Apr 10 19:28:36 2017


 Elaboration Time: 0.171875 sec

 Current Memory Usage: 1012.97 Meg

 Total Signals          : 6
 Total Nets             : 96
 Total Signal Drivers   : 3
 Total Blocks           : 5
 Total Primitive Blocks : 4
 Total Processes        : 2
 Total Traceable Variables  : 10
 Total Scalar Nets and Variables : 474
Total Line Count : 4

 Total Simulation Time: 0.1875 sec

 Current Memory Usage: 1012.97 Meg

Mon Apr 10 19:29:00 2017

