Running: E:\jgins\Xilinx\14.7\ISE_DS\ISE\bin\nt64\unwrapped\fuse.exe -intstyle ise -incremental -o E:/Usuario/Documentos/Xilinx/Procesador1.1/p_sumador_isim_beh.exe -prj E:/Usuario/Documentos/Xilinx/Procesador1.1/p_sumador_beh.prj work.p_sumador 
ISim P.20131013 (signature 0x7708f090)
Number of CPUs detected in this system: 4
Turning on mult-threading, number of parallel sub-compilation jobs: 8 
Determining compilation order of HDL files
Parsing VHDL file "E:/Usuario/Documentos/Xilinx/Procesador1.1/SUMADOR.vhd" into library work
Parsing VHDL file "E:/Usuario/Documentos/Xilinx/Procesador1.1/p_sumador.vhd" into library work
Starting static elaboration
Completed static elaboration
Compiling package standard
Compiling package std_logic_1164
Compiling package std_logic_arith
Compiling package std_logic_unsigned
Compiling architecture behavioral of entity SUMADOR [sumador_default]
Compiling architecture behavior of entity p_sumador
Time Resolution for simulation is 1ps.
Waiting for 1 sub-compilation(s) to finish...
Compiled 7 VHDL Units
Built simulation executable E:/Usuario/Documentos/Xilinx/Procesador1.1/p_sumador_isim_beh.exe
Fuse Memory Usage: 32216 KB
Fuse CPU Usage: 499 ms
