Release 14.7 Map P.20131013 (nt64)
Xilinx Mapping Report File for Design 'NPC'

Design Information
------------------
Command Line   : map -intstyle ise -p xc3s100e-vq100-4 -cm area -ir off -pr off
-c 100 -o NPC_map.ncd NPC.ngd NPC.pcf 
Target Device  : xc3s100e
Target Package : vq100
Target Speed   : -4
Mapper Version : spartan3e -- $Revision: 1.55 $
Mapped Date    : Tue Apr 04 19:41:22 2017

Design Summary
--------------
Number of errors   :   1
Number of warnings :   0

Section 1 - Errors
------------------
ERROR:Security:9c - No 'ISE' nor 'WebPack' feature version 2013.10 was available
for part 'xc3s100e'.
ERROR:Map:258 - A problem was encountered attempting to get the license for this
   architecture. 

Section 2 - Warnings
--------------------

Section 3 - Informational
-------------------------
INFO:Security:54 - 'xc3s100e' is a WebPack part.
INFO:Security:61 - The XILINXD_LICENSE_FILE environment variable is not set.
INFO:Security:63 - The LM_LICENSE_FILE environment variable is not set.
INFO:Security:68 - For more information or for assistance in obtaining 
INFO:Security:68a - user is froilan, on host LENOVO.
