Command line:
   P_ALU_isim_beh.exe
     -simmode  gui
     -simrunnum  0
     -socket  13006

Sat Apr 15 02:49:40 2017


 Elaboration Time: 0.203125 sec

 Current Memory Usage: 855.81 Meg

 Total Signals          : 8
 Total Nets             : 102
 Total Signal Drivers   : 4
 Total Blocks           : 6
 Total Primitive Blocks : 5
 Total Processes        : 2
 Total Traceable Variables  : 15
 Total Scalar Nets and Variables : 603
Total Line Count : 27

 Total Simulation Time: 0.203125 sec

 Current Memory Usage: 855.81 Meg

Sat Apr 15 02:49:47 2017

