Command line:
   NPCTB_isim_beh.exe
     -simmode  gui
     -simrunnum  0
     -socket  53943

Thu Apr 06 19:57:53 2017


 Elaboration Time: 0.328125 sec

 Current Memory Usage: 1012.93 Meg

 Total Signals          : 8
 Total Nets             : 66
 Total Signal Drivers   : 4
 Total Blocks           : 3
 Total Primitive Blocks : 2
 Total Processes        : 3
 Total Traceable Variables  : 9
 Total Scalar Nets and Variables : 427
Total Line Count : 17

 Total Simulation Time: 0.359375 sec

 Current Memory Usage: 1012.9 Meg

Thu Apr 06 19:58:41 2017

