Command line:
   p_NPC_isim_beh.exe
     -simmode  gui
     -simrunnum  0
     -socket  12486

Fri Apr 14 23:51:43 2017


 Elaboration Time: 0.234375 sec

 Current Memory Usage: 1013.95 Meg

 Total Signals          : 8
 Total Nets             : 66
 Total Signal Drivers   : 2
 Total Blocks           : 3
 Total Primitive Blocks : 2
 Total Processes        : 3
 Total Traceable Variables  : 9
 Total Scalar Nets and Variables : 427
Total Line Count : 11

 Total Simulation Time: 0.25 sec

 Current Memory Usage: 384.741 Meg

Sat Apr 15 00:01:59 2017

